action: GLOB, msg: packaging
cwd: C:\Users\SJ\PycharmProjects\wafer2
cmd: 'C:\Users\SJ\anaconda3\envs\wafer2\python.exe' setup.py sdist --formats=zip --dist-dir 'C:\Users\SJ\PycharmProjects\wafer2\.tox\dist'
running sdist
running egg_info
writing src.egg-info\PKG-INFO
writing dependency_links to src.egg-info\dependency_links.txt
writing top-level names to src.egg-info\top_level.txt
reading manifest file 'src.egg-info\SOURCES.txt'
writing manifest file 'src.egg-info\SOURCES.txt'
running check
creating src-0.0.1
creating src-0.0.1\src
creating src-0.0.1\src.egg-info
creating src-0.0.1\tests
copying files to src-0.0.1...
copying setup.py -> src-0.0.1
copying src\__init__.py -> src-0.0.1\src
copying src\get_data.py -> src-0.0.1\src
copying src\load_data.py -> src-0.0.1\src
copying src\split_data.py -> src-0.0.1\src
copying src\train_and_evaluate.py -> src-0.0.1\src
copying src.egg-info\PKG-INFO -> src-0.0.1\src.egg-info
copying src.egg-info\SOURCES.txt -> src-0.0.1\src.egg-info
copying src.egg-info\dependency_links.txt -> src-0.0.1\src.egg-info
copying src.egg-info\top_level.txt -> src-0.0.1\src.egg-info
copying tests\__init__.py -> src-0.0.1\tests
copying tests\coftest.py -> src-0.0.1\tests
copying tests\testconfig.py -> src-0.0.1\tests
Writing src-0.0.1\setup.cfg
creating C:\Users\SJ\PycharmProjects\wafer2\.tox\dist
creating 'C:\Users\SJ\PycharmProjects\wafer2\.tox\dist\src-0.0.1.zip' and adding 'src-0.0.1' to it
adding 'src-0.0.1'
adding 'src-0.0.1\src'
adding 'src-0.0.1\src.egg-info'
adding 'src-0.0.1\tests'
adding 'src-0.0.1\PKG-INFO'
adding 'src-0.0.1\setup.cfg'
adding 'src-0.0.1\setup.py'
adding 'src-0.0.1\src\get_data.py'
adding 'src-0.0.1\src\load_data.py'
adding 'src-0.0.1\src\split_data.py'
adding 'src-0.0.1\src\train_and_evaluate.py'
adding 'src-0.0.1\src\__init__.py'
adding 'src-0.0.1\src.egg-info\dependency_links.txt'
adding 'src-0.0.1\src.egg-info\PKG-INFO'
adding 'src-0.0.1\src.egg-info\SOURCES.txt'
adding 'src-0.0.1\src.egg-info\top_level.txt'
adding 'src-0.0.1\tests\coftest.py'
adding 'src-0.0.1\tests\testconfig.py'
adding 'src-0.0.1\tests\__init__.py'
removing 'src-0.0.1' (and everything under it)
